#
# A fatal error has been detected by the Java Runtime Environment:
#
#  Internal Error (javaClasses.cpp:126), pid=4064, tid=5564
#  fatal error: Invalid layout of preloaded class
#
# JRE version:  (8.0_25-b18) (build )
# Java VM: Java HotSpot(TM) 64-Bit Server VM (25.25-b02 mixed mode windows-amd64 compressed oops)
# Failed to write core dump. Minidumps are not enabled by default on client versions of Windows
#
# If you would like to submit a bug report, please visit:
#   http://bugreport.sun.com/bugreport/crash.jsp
#

---------------  T H R E A D  ---------------

Current thread (0x000000000230e000):  JavaThread "Unknown thread" [_thread_in_vm, id=5564, stack(0x0000000002500000,0x0000000002600000)]

Stack: [0x0000000002500000,0x0000000002600000]
Native frames: (J=compiled Java code, j=interpreted, Vv=VM code, C=native code)
V  [jvm.dll+0x31667a]
V  [jvm.dll+0x267073]
V  [jvm.dll+0x267cb3]
V  [jvm.dll+0x25f536]
V  [jvm.dll+0x5e773]
V  [jvm.dll+0x5e863]
V  [jvm.dll+0x731ca]
V  [jvm.dll+0x73528]
V  [jvm.dll+0xe48b7]
V  [jvm.dll+0xe4c46]
V  [jvm.dll+0x1f9ae7]
V  [jvm.dll+0x22b2e4]
V  [jvm.dll+0x14d571]
C  [javaw.exe+0x20c6]
C  [javaw.exe+0xc9eb]
C  [javaw.exe+0xca7f]
C  [kernel32.dll+0x159ed]
C  [ntdll.dll+0x2c541]


---------------  P R O C E S S  ---------------

Java Threads: ( => current thread )

Other Threads:

=>0x000000000230e000 (exited) JavaThread "Unknown thread" [_thread_in_vm, id=5564, stack(0x0000000002500000,0x0000000002600000)]

VM state:not at safepoint (not fully initialized)

VM Mutex/Monitor currently owned by a thread: None

GC Heap History (0 events):
No events

Deoptimization events (0 events):
No events

Internal exceptions (0 events):
No events

Events (10 events):
Event: 0.007 loading class java/lang/CharSequence done
Event: 0.007 loading class java/lang/String done
Event: 0.007 loading class java/lang/Class
Event: 0.007 loading class java/lang/reflect/AnnotatedElement
Event: 0.007 loading class java/lang/reflect/AnnotatedElement done
Event: 0.007 loading class java/lang/reflect/GenericDeclaration
Event: 0.007 loading class java/lang/reflect/GenericDeclaration done
Event: 0.007 loading class java/lang/reflect/Type
Event: 0.007 loading class java/lang/reflect/Type done
Event: 0.008 loading class java/lang/Class done


Dynamic libraries:
0x000000013f100000 - 0x000000013f134000 	C:\Program Files\Java\jre1.8.0_25\bin\javaw.exe
0x00000000770d0000 - 0x0000000077279000 	C:\Windows\SYSTEM32\ntdll.dll
0x0000000076eb0000 - 0x0000000076fcf000 	C:\Windows\system32\kernel32.dll
0x000007fefd150000 - 0x000007fefd1bc000 	C:\Windows\system32\KERNELBASE.dll
0x000007fefecd0000 - 0x000007fefedab000 	C:\Windows\system32\ADVAPI32.dll
0x000007fefd2a0000 - 0x000007fefd33f000 	C:\Windows\system32\msvcrt.dll
0x000007fefedb0000 - 0x000007fefedcf000 	C:\Windows\SYSTEM32\sechost.dll
0x000007fefd850000 - 0x000007fefd97d000 	C:\Windows\system32\RPCRT4.dll
0x0000000076fd0000 - 0x00000000770ca000 	C:\Windows\system32\USER32.dll
0x000007fefd340000 - 0x000007fefd3a7000 	C:\Windows\system32\GDI32.dll
0x000007fefeb50000 - 0x000007fefeb5e000 	C:\Windows\system32\LPK.dll
0x000007fefeb60000 - 0x000007fefec29000 	C:\Windows\system32\USP10.dll
0x000007fefb800000 - 0x000007fefb9f4000 	C:\Windows\WinSxS\amd64_microsoft.windows.common-controls_6595b64144ccf1df_6.0.7601.17514_none_fa396087175ac9ac\COMCTL32.dll
0x000007fefe8f0000 - 0x000007fefe961000 	C:\Windows\system32\SHLWAPI.dll
0x000007feff3b0000 - 0x000007feff3de000 	C:\Windows\system32\IMM32.DLL
0x000007fefd490000 - 0x000007fefd599000 	C:\Windows\system32\MSCTF.dll
0x0000000059330000 - 0x0000000059402000 	C:\Program Files\Java\jre1.8.0_25\bin\msvcr100.dll
0x0000000059c20000 - 0x000000005a47a000 	C:\Program Files\Java\jre1.8.0_25\bin\server\jvm.dll
0x000007fef8280000 - 0x000007fef8289000 	C:\Windows\system32\WSOCK32.dll
0x000007fefd980000 - 0x000007fefd9cd000 	C:\Windows\system32\WS2_32.dll
0x000007feff070000 - 0x000007feff078000 	C:\Windows\system32\NSI.dll
0x000007fef9ec0000 - 0x000007fef9efb000 	C:\Windows\system32\WINMM.dll
0x00000000772a0000 - 0x00000000772a7000 	C:\Windows\system32\PSAPI.DLL
0x000000005f000000 - 0x000000005f00f000 	C:\Program Files\Java\jre1.8.0_25\bin\verify.dll
0x000000005c0b0000 - 0x000000005c0d8000 	C:\Program Files\Java\jre1.8.0_25\bin\java.dll
0x000000005c0f0000 - 0x000000005c106000 	C:\Program Files\Java\jre1.8.0_25\bin\zip.dll
0x000007fef9530000 - 0x000007fef9655000 	C:\Windows\system32\dbghelp.dll

VM Arguments:
jvm_args: -Dfile.encoding=MS950 -Xbootclasspath:D:\TJ\adt-bundle-windows-x86_64-20140702\sdk\platforms\android-21\android.jar 
java_command: appGame.Puzzle.AI
java_class_path (initial): D:\TJ\ÃD¥Ø1\AI\puzzle\bin\classes
Launcher Type: SUN_STANDARD

Environment Variables:
PATH=C:/Program Files/Java/jre1.8.0_25/bin/server;C:/Program Files/Java/jre1.8.0_25/bin;C:/Program Files/Java/jre1.8.0_25/lib/amd64;C:\ProgramData\Oracle\Java\javapath;C:\Program Files (x86)\Intel\iCLS Client\;C:\Program Files\Intel\iCLS Client\;C:\Windows\system32;C:\Windows;C:\Windows\System32\Wbem;C:\Windows\System32\WindowsPowerShell\v1.0\;C:\Program Files (x86)\Intel\OpenCL SDK\3.0\bin\x86;C:\Program Files (x86)\Intel\OpenCL SDK\3.0\bin\x64;C:\Program Files\Intel\Intel(R) Management Engine Components\DAL;C:\Program Files\Intel\Intel(R) Management Engine Components\IPT;C:\Program Files (x86)\Intel\Intel(R) Management Engine Components\DAL;C:\Program Files (x86)\Intel\Intel(R) Management Engine Components\IPT;C:\Program Files\Java\jdk1.8.0_05\bin;C:\Users\wanuser\Downloads\adt-bundle-windows-x86_64-20140321\sdk\platform-tools;C:\Program Files\Microsoft SQL Server\110\Tools\Binn\;D:\TJ\adt-bundle-windows-x86_64-20140702\eclipse;
USERNAME=hongxin
OS=Windows_NT
PROCESSOR_IDENTIFIER=Intel64 Family 6 Model 60 Stepping 3, GenuineIntel



---------------  S Y S T E M  ---------------

OS: Windows 7 , 64 bit Build 7601 Service Pack 1

CPU:total 8 (4 cores per cpu, 2 threads per core) family 6 model 60 stepping 3, cmov, cx8, fxsr, mmx, sse, sse2, sse3, ssse3, sse4.1, sse4.2, popcnt, avx, avx2, aes, clmul, erms, rtm, lzcnt, ht, tsc, tscinvbit, bmi1, bmi2

Memory: 4k page, physical 8257740k(3287508k free), swap 16513616k(10343540k free)

vm_info: Java HotSpot(TM) 64-Bit Server VM (25.25-b02) for windows-amd64 JRE (1.8.0_25-b18), built on Oct  7 2014 14:25:37 by "java_re" with MS VC++ 10.0 (VS2010)

time: Mon Nov 10 10:47:26 2014
elapsed time: 0 seconds (0d 0h 0m 0s)

